2010-05-21 18:56:59,061 - Log4JLogChute initialized using file 'velocity.log'
2010-05-21 18:56:59,062 - Starting Apache Velocity v1.6.2 (compiled: 2009-02-19 16:29:46)
2010-05-21 18:56:59,062 - Default Properties File: org/apache/velocity/runtime/defaults/velocity.properties
2010-05-21 18:56:59,062 - Trying to use logger class org.apache.velocity.runtime.log.AvalonLogChute
2010-05-21 18:56:59,062 - Target log system for org.apache.velocity.runtime.log.AvalonLogChute is not available (java.lang.NoClassDefFoundError: org/apache/log/format/Formatter).  Falling back to next log system...
2010-05-21 18:56:59,062 - Trying to use logger class org.apache.velocity.runtime.log.Log4JLogChute
2010-05-21 18:56:59,062 - Using logger class org.apache.velocity.runtime.log.Log4JLogChute
2010-05-21 18:56:59,068 - ResourceLoader instantiated: org.apache.velocity.runtime.resource.loader.ClasspathResourceLoader
2010-05-21 18:56:59,087 - ResourceCache: initialized (class org.apache.velocity.runtime.resource.ResourceCacheImpl) with class java.util.Collections$SynchronizedMap cache map.
2010-05-21 18:56:59,089 - Loaded System Directive: org.apache.velocity.runtime.directive.Define
2010-05-21 18:56:59,091 - Loaded System Directive: org.apache.velocity.runtime.directive.Break
2010-05-21 18:56:59,092 - Loaded System Directive: org.apache.velocity.runtime.directive.Evaluate
2010-05-21 18:56:59,093 - Loaded System Directive: org.apache.velocity.runtime.directive.Literal
2010-05-21 18:56:59,095 - Loaded System Directive: org.apache.velocity.runtime.directive.Macro
2010-05-21 18:56:59,097 - Loaded System Directive: org.apache.velocity.runtime.directive.Parse
2010-05-21 18:56:59,099 - Loaded System Directive: org.apache.velocity.runtime.directive.Include
2010-05-21 18:56:59,100 - Loaded System Directive: org.apache.velocity.runtime.directive.Foreach
2010-05-21 18:56:59,136 - Created '20' parsers.
2010-05-21 18:56:59,146 - Velocimacro : "velocimacro.library" is not set.  Trying default library: VM_global_library.vm
2010-05-21 18:56:59,148 - Could not load resource 'VM_global_library.vm' from ResourceLoader org.apache.velocity.runtime.resource.loader.ClasspathResourceLoader: 
org.apache.velocity.exception.ResourceNotFoundException: ClasspathResourceLoader Error: cannot find resource VM_global_library.vm
	at org.apache.velocity.runtime.resource.loader.ClasspathResourceLoader.getResourceStream(ClasspathResourceLoader.java:131)
	at org.apache.velocity.runtime.resource.loader.ResourceLoader.resourceExists(ResourceLoader.java:224)
	at org.apache.velocity.runtime.resource.ResourceManagerImpl.getLoaderForResource(ResourceManagerImpl.java:641)
	at org.apache.velocity.runtime.resource.ResourceManagerImpl.getLoaderNameForResource(ResourceManagerImpl.java:624)
	at org.apache.velocity.runtime.RuntimeInstance.getLoaderNameForResource(RuntimeInstance.java:1464)
	at org.apache.velocity.runtime.VelocimacroFactory.initVelocimacro(VelocimacroFactory.java:159)
	at org.apache.velocity.runtime.RuntimeInstance.init(RuntimeInstance.java:261)
	at org.apache.velocity.app.VelocityEngine.init(VelocityEngine.java:107)
	at com.atricore.idbus.console.lifecycle.main.transform.serializers.VelocitySerializer.<init>(VelocitySerializer.java:45)
	at sun.reflect.NativeConstructorAccessorImpl.newInstance0(Native Method)
	at sun.reflect.NativeConstructorAccessorImpl.newInstance(NativeConstructorAccessorImpl.java:39)
	at sun.reflect.DelegatingConstructorAccessorImpl.newInstance(DelegatingConstructorAccessorImpl.java:27)
	at java.lang.reflect.Constructor.newInstance(Constructor.java:494)
	at org.springframework.beans.BeanUtils.instantiateClass(BeanUtils.java:100)
	at org.springframework.beans.factory.support.SimpleInstantiationStrategy.instantiate(SimpleInstantiationStrategy.java:61)
	at org.springframework.beans.factory.support.AbstractAutowireCapableBeanFactory.instantiateBean(AbstractAutowireCapableBeanFactory.java:877)
	at org.springframework.beans.factory.support.AbstractAutowireCapableBeanFactory.createBeanInstance(AbstractAutowireCapableBeanFactory.java:839)
	at org.springframework.beans.factory.support.AbstractAutowireCapableBeanFactory.doCreateBean(AbstractAutowireCapableBeanFactory.java:440)
	at org.springframework.beans.factory.support.AbstractAutowireCapableBeanFactory$1.run(AbstractAutowireCapableBeanFactory.java:409)
	at java.security.AccessController.doPrivileged(Native Method)
	at org.springframework.beans.factory.support.AbstractAutowireCapableBeanFactory.createBean(AbstractAutowireCapableBeanFactory.java:380)
	at org.springframework.beans.factory.support.BeanDefinitionValueResolver.resolveInnerBean(BeanDefinitionValueResolver.java:219)
	at org.springframework.beans.factory.support.BeanDefinitionValueResolver.resolveValueIfNecessary(BeanDefinitionValueResolver.java:117)
	at org.springframework.beans.factory.support.BeanDefinitionValueResolver.resolveManagedList(BeanDefinitionValueResolver.java:287)
	at org.springframework.beans.factory.support.BeanDefinitionValueResolver.resolveValueIfNecessary(BeanDefinitionValueResolver.java:126)
	at org.springframework.beans.factory.support.AbstractAutowireCapableBeanFactory.applyPropertyValues(AbstractAutowireCapableBeanFactory.java:1245)
	at org.springframework.beans.factory.support.AbstractAutowireCapableBeanFactory.populateBean(AbstractAutowireCapableBeanFactory.java:1010)
	at org.springframework.beans.factory.support.AbstractAutowireCapableBeanFactory.doCreateBean(AbstractAutowireCapableBeanFactory.java:472)
	at org.springframework.beans.factory.support.AbstractAutowireCapableBeanFactory$1.run(AbstractAutowireCapableBeanFactory.java:409)
	at java.security.AccessController.doPrivileged(Native Method)
	at org.springframework.beans.factory.support.AbstractAutowireCapableBeanFactory.createBean(AbstractAutowireCapableBeanFactory.java:380)
	at org.springframework.beans.factory.support.AbstractBeanFactory$1.getObject(AbstractBeanFactory.java:264)
	at org.springframework.beans.factory.support.DefaultSingletonBeanRegistry.getSingleton(DefaultSingletonBeanRegistry.java:222)
	at org.springframework.beans.factory.support.AbstractBeanFactory.doGetBean(AbstractBeanFactory.java:261)
	at org.springframework.beans.factory.support.AbstractBeanFactory.getBean(AbstractBeanFactory.java:185)
	at org.springframework.beans.factory.support.AbstractBeanFactory.getBean(AbstractBeanFactory.java:164)
	at org.springframework.beans.factory.support.DefaultListableBeanFactory.preInstantiateSingletons(DefaultListableBeanFactory.java:429)
	at org.springframework.context.support.AbstractApplicationContext.finishBeanFactoryInitialization(AbstractApplicationContext.java:728)
	at org.springframework.context.support.AbstractApplicationContext.refresh(AbstractApplicationContext.java:380)
	at org.springframework.context.support.ClassPathXmlApplicationContext.<init>(ClassPathXmlApplicationContext.java:139)
	at org.springframework.context.support.ClassPathXmlApplicationContext.<init>(ClassPathXmlApplicationContext.java:83)
	at org.atricore.idbus.applications.server.management.test.IdApplianceDeploymentTest.setUp(IdApplianceDeploymentTest.java:45)
	at sun.reflect.NativeMethodAccessorImpl.invoke0(Native Method)
	at sun.reflect.NativeMethodAccessorImpl.invoke(NativeMethodAccessorImpl.java:39)
	at sun.reflect.DelegatingMethodAccessorImpl.invoke(DelegatingMethodAccessorImpl.java:25)
	at java.lang.reflect.Method.invoke(Method.java:585)
	at org.junit.internal.runners.MethodRoadie.runBefores(MethodRoadie.java:122)
	at org.junit.internal.runners.MethodRoadie.runBeforesThenTestThenAfters(MethodRoadie.java:86)
	at org.junit.internal.runners.MethodRoadie.runTest(MethodRoadie.java:77)
	at org.junit.internal.runners.MethodRoadie.run(MethodRoadie.java:42)
	at org.junit.internal.runners.JUnit4ClassRunner.invokeTestMethod(JUnit4ClassRunner.java:88)
	at org.junit.internal.runners.JUnit4ClassRunner.runMethods(JUnit4ClassRunner.java:51)
	at org.junit.internal.runners.JUnit4ClassRunner$1.run(JUnit4ClassRunner.java:44)
	at org.junit.internal.runners.ClassRoadie.runUnprotected(ClassRoadie.java:27)
	at org.junit.internal.runners.ClassRoadie.runProtected(ClassRoadie.java:37)
	at org.junit.internal.runners.JUnit4ClassRunner.run(JUnit4ClassRunner.java:42)
	at org.apache.maven.surefire.junit4.JUnit4TestSet.execute(JUnit4TestSet.java:62)
	at org.apache.maven.surefire.suite.AbstractDirectoryTestSuite.executeTestSet(AbstractDirectoryTestSuite.java:140)
	at org.apache.maven.surefire.suite.AbstractDirectoryTestSuite.execute(AbstractDirectoryTestSuite.java:127)
	at org.apache.maven.surefire.Surefire.run(Surefire.java:177)
	at sun.reflect.NativeMethodAccessorImpl.invoke0(Native Method)
	at sun.reflect.NativeMethodAccessorImpl.invoke(NativeMethodAccessorImpl.java:39)
	at sun.reflect.DelegatingMethodAccessorImpl.invoke(DelegatingMethodAccessorImpl.java:25)
	at java.lang.reflect.Method.invoke(Method.java:585)
	at org.apache.maven.surefire.booter.SurefireBooter.runSuitesInProcess(SurefireBooter.java:338)
	at org.apache.maven.surefire.booter.SurefireBooter.main(SurefireBooter.java:997)
2010-05-21 18:56:59,150 - Velocimacro : Default library not found.
2010-05-21 18:56:59,150 - Velocimacro : allowInline = true : VMs can be defined inline in templates
2010-05-21 18:56:59,150 - Velocimacro : allowInlineToOverride = false : VMs defined inline may NOT replace previous VM definitions
2010-05-21 18:56:59,150 - Velocimacro : allowInlineLocal = false : VMs defined inline will be global in scope if allowed.
2010-05-21 18:56:59,150 - Velocimacro : autoload off : VM system will not automatically reload global library macros
2010-05-21 18:56:59,300 - Log4JLogChute initialized using file 'velocity.log'
2010-05-21 18:56:59,300 - Log4JLogChute initialized using file 'velocity.log'
2010-05-21 18:56:59,300 - Starting Apache Velocity v1.6.2 (compiled: 2009-02-19 16:29:46)
2010-05-21 18:56:59,300 - Starting Apache Velocity v1.6.2 (compiled: 2009-02-19 16:29:46)
2010-05-21 18:56:59,300 - Default Properties File: org/apache/velocity/runtime/defaults/velocity.properties
2010-05-21 18:56:59,300 - Default Properties File: org/apache/velocity/runtime/defaults/velocity.properties
2010-05-21 18:56:59,301 - Trying to use logger class org.apache.velocity.runtime.log.AvalonLogChute
2010-05-21 18:56:59,301 - Trying to use logger class org.apache.velocity.runtime.log.AvalonLogChute
2010-05-21 18:56:59,301 - Target log system for org.apache.velocity.runtime.log.AvalonLogChute is not available (java.lang.NoClassDefFoundError: org/apache/log/format/Formatter).  Falling back to next log system...
2010-05-21 18:56:59,301 - Target log system for org.apache.velocity.runtime.log.AvalonLogChute is not available (java.lang.NoClassDefFoundError: org/apache/log/format/Formatter).  Falling back to next log system...
2010-05-21 18:56:59,301 - Trying to use logger class org.apache.velocity.runtime.log.Log4JLogChute
2010-05-21 18:56:59,301 - Trying to use logger class org.apache.velocity.runtime.log.Log4JLogChute
2010-05-21 18:56:59,301 - Using logger class org.apache.velocity.runtime.log.Log4JLogChute
2010-05-21 18:56:59,301 - Using logger class org.apache.velocity.runtime.log.Log4JLogChute
2010-05-21 18:56:59,301 - ResourceLoader instantiated: org.apache.velocity.runtime.resource.loader.ClasspathResourceLoader
2010-05-21 18:56:59,301 - ResourceLoader instantiated: org.apache.velocity.runtime.resource.loader.ClasspathResourceLoader
2010-05-21 18:56:59,301 - ResourceCache: initialized (class org.apache.velocity.runtime.resource.ResourceCacheImpl) with class java.util.Collections$SynchronizedMap cache map.
2010-05-21 18:56:59,301 - ResourceCache: initialized (class org.apache.velocity.runtime.resource.ResourceCacheImpl) with class java.util.Collections$SynchronizedMap cache map.
2010-05-21 18:56:59,302 - Loaded System Directive: org.apache.velocity.runtime.directive.Define
2010-05-21 18:56:59,302 - Loaded System Directive: org.apache.velocity.runtime.directive.Define
2010-05-21 18:56:59,302 - Loaded System Directive: org.apache.velocity.runtime.directive.Break
2010-05-21 18:56:59,302 - Loaded System Directive: org.apache.velocity.runtime.directive.Break
2010-05-21 18:56:59,302 - Loaded System Directive: org.apache.velocity.runtime.directive.Evaluate
2010-05-21 18:56:59,302 - Loaded System Directive: org.apache.velocity.runtime.directive.Evaluate
2010-05-21 18:56:59,302 - Loaded System Directive: org.apache.velocity.runtime.directive.Literal
2010-05-21 18:56:59,302 - Loaded System Directive: org.apache.velocity.runtime.directive.Literal
2010-05-21 18:56:59,302 - Loaded System Directive: org.apache.velocity.runtime.directive.Macro
2010-05-21 18:56:59,302 - Loaded System Directive: org.apache.velocity.runtime.directive.Macro
2010-05-21 18:56:59,302 - Loaded System Directive: org.apache.velocity.runtime.directive.Parse
2010-05-21 18:56:59,302 - Loaded System Directive: org.apache.velocity.runtime.directive.Parse
2010-05-21 18:56:59,302 - Loaded System Directive: org.apache.velocity.runtime.directive.Include
2010-05-21 18:56:59,302 - Loaded System Directive: org.apache.velocity.runtime.directive.Include
2010-05-21 18:56:59,302 - Loaded System Directive: org.apache.velocity.runtime.directive.Foreach
2010-05-21 18:56:59,302 - Loaded System Directive: org.apache.velocity.runtime.directive.Foreach
2010-05-21 18:56:59,306 - Created '20' parsers.
2010-05-21 18:56:59,306 - Created '20' parsers.
2010-05-21 18:56:59,306 - Velocimacro : "velocimacro.library" is not set.  Trying default library: VM_global_library.vm
2010-05-21 18:56:59,306 - Velocimacro : "velocimacro.library" is not set.  Trying default library: VM_global_library.vm
2010-05-21 18:56:59,307 - Could not load resource 'VM_global_library.vm' from ResourceLoader org.apache.velocity.runtime.resource.loader.ClasspathResourceLoader: 
org.apache.velocity.exception.ResourceNotFoundException: ClasspathResourceLoader Error: cannot find resource VM_global_library.vm
	at org.apache.velocity.runtime.resource.loader.ClasspathResourceLoader.getResourceStream(ClasspathResourceLoader.java:131)
	at org.apache.velocity.runtime.resource.loader.ResourceLoader.resourceExists(ResourceLoader.java:224)
	at org.apache.velocity.runtime.resource.ResourceManagerImpl.getLoaderForResource(ResourceManagerImpl.java:641)
	at org.apache.velocity.runtime.resource.ResourceManagerImpl.getLoaderNameForResource(ResourceManagerImpl.java:624)
	at org.apache.velocity.runtime.RuntimeInstance.getLoaderNameForResource(RuntimeInstance.java:1464)
	at org.apache.velocity.runtime.VelocimacroFactory.initVelocimacro(VelocimacroFactory.java:159)
	at org.apache.velocity.runtime.RuntimeInstance.init(RuntimeInstance.java:261)
	at org.apache.velocity.app.VelocityEngine.init(VelocityEngine.java:107)
	at com.atricore.idbus.console.lifecycle.main.transform.serializers.VelocitySerializer.<init>(VelocitySerializer.java:45)
	at sun.reflect.NativeConstructorAccessorImpl.newInstance0(Native Method)
	at sun.reflect.NativeConstructorAccessorImpl.newInstance(NativeConstructorAccessorImpl.java:39)
	at sun.reflect.DelegatingConstructorAccessorImpl.newInstance(DelegatingConstructorAccessorImpl.java:27)
	at java.lang.reflect.Constructor.newInstance(Constructor.java:494)
	at org.springframework.beans.BeanUtils.instantiateClass(BeanUtils.java:100)
	at org.springframework.beans.factory.support.SimpleInstantiationStrategy.instantiate(SimpleInstantiationStrategy.java:61)
	at org.springframework.beans.factory.support.AbstractAutowireCapableBeanFactory.instantiateBean(AbstractAutowireCapableBeanFactory.java:877)
	at org.springframework.beans.factory.support.AbstractAutowireCapableBeanFactory.createBeanInstance(AbstractAutowireCapableBeanFactory.java:839)
	at org.springframework.beans.factory.support.AbstractAutowireCapableBeanFactory.doCreateBean(AbstractAutowireCapableBeanFactory.java:440)
	at org.springframework.beans.factory.support.AbstractAutowireCapableBeanFactory$1.run(AbstractAutowireCapableBeanFactory.java:409)
	at java.security.AccessController.doPrivileged(Native Method)
	at org.springframework.beans.factory.support.AbstractAutowireCapableBeanFactory.createBean(AbstractAutowireCapableBeanFactory.java:380)
	at org.springframework.beans.factory.support.BeanDefinitionValueResolver.resolveInnerBean(BeanDefinitionValueResolver.java:219)
	at org.springframework.beans.factory.support.BeanDefinitionValueResolver.resolveValueIfNecessary(BeanDefinitionValueResolver.java:117)
	at org.springframework.beans.factory.support.BeanDefinitionValueResolver.resolveManagedList(BeanDefinitionValueResolver.java:287)
	at org.springframework.beans.factory.support.BeanDefinitionValueResolver.resolveValueIfNecessary(BeanDefinitionValueResolver.java:126)
	at org.springframework.beans.factory.support.AbstractAutowireCapableBeanFactory.applyPropertyValues(AbstractAutowireCapableBeanFactory.java:1245)
	at org.springframework.beans.factory.support.AbstractAutowireCapableBeanFactory.populateBean(AbstractAutowireCapableBeanFactory.java:1010)
	at org.springframework.beans.factory.support.AbstractAutowireCapableBeanFactory.doCreateBean(AbstractAutowireCapableBeanFactory.java:472)
	at org.springframework.beans.factory.support.AbstractAutowireCapableBeanFactory$1.run(AbstractAutowireCapableBeanFactory.java:409)
	at java.security.AccessController.doPrivileged(Native Method)
	at org.springframework.beans.factory.support.AbstractAutowireCapableBeanFactory.createBean(AbstractAutowireCapableBeanFactory.java:380)
	at org.springframework.beans.factory.support.AbstractBeanFactory$1.getObject(AbstractBeanFactory.java:264)
	at org.springframework.beans.factory.support.DefaultSingletonBeanRegistry.getSingleton(DefaultSingletonBeanRegistry.java:222)
	at org.springframework.beans.factory.support.AbstractBeanFactory.doGetBean(AbstractBeanFactory.java:261)
	at org.springframework.beans.factory.support.AbstractBeanFactory.getBean(AbstractBeanFactory.java:185)
	at org.springframework.beans.factory.support.AbstractBeanFactory.getBean(AbstractBeanFactory.java:164)
	at org.springframework.beans.factory.support.DefaultListableBeanFactory.preInstantiateSingletons(DefaultListableBeanFactory.java:429)
	at org.springframework.context.support.AbstractApplicationContext.finishBeanFactoryInitialization(AbstractApplicationContext.java:728)
	at org.springframework.context.support.AbstractApplicationContext.refresh(AbstractApplicationContext.java:380)
	at org.springframework.context.support.ClassPathXmlApplicationContext.<init>(ClassPathXmlApplicationContext.java:139)
	at org.springframework.context.support.ClassPathXmlApplicationContext.<init>(ClassPathXmlApplicationContext.java:83)
	at org.atricore.idbus.applications.server.management.test.IdApplianceDeploymentTest.setUp(IdApplianceDeploymentTest.java:45)
	at sun.reflect.NativeMethodAccessorImpl.invoke0(Native Method)
	at sun.reflect.NativeMethodAccessorImpl.invoke(NativeMethodAccessorImpl.java:39)
	at sun.reflect.DelegatingMethodAccessorImpl.invoke(DelegatingMethodAccessorImpl.java:25)
	at java.lang.reflect.Method.invoke(Method.java:585)
	at org.junit.internal.runners.MethodRoadie.runBefores(MethodRoadie.java:122)
	at org.junit.internal.runners.MethodRoadie.runBeforesThenTestThenAfters(MethodRoadie.java:86)
	at org.junit.internal.runners.MethodRoadie.runTest(MethodRoadie.java:77)
	at org.junit.internal.runners.MethodRoadie.run(MethodRoadie.java:42)
	at org.junit.internal.runners.JUnit4ClassRunner.invokeTestMethod(JUnit4ClassRunner.java:88)
	at org.junit.internal.runners.JUnit4ClassRunner.runMethods(JUnit4ClassRunner.java:51)
	at org.junit.internal.runners.JUnit4ClassRunner$1.run(JUnit4ClassRunner.java:44)
	at org.junit.internal.runners.ClassRoadie.runUnprotected(ClassRoadie.java:27)
	at org.junit.internal.runners.ClassRoadie.runProtected(ClassRoadie.java:37)
	at org.junit.internal.runners.JUnit4ClassRunner.run(JUnit4ClassRunner.java:42)
	at org.apache.maven.surefire.junit4.JUnit4TestSet.execute(JUnit4TestSet.java:62)
	at org.apache.maven.surefire.suite.AbstractDirectoryTestSuite.executeTestSet(AbstractDirectoryTestSuite.java:140)
	at org.apache.maven.surefire.suite.AbstractDirectoryTestSuite.execute(AbstractDirectoryTestSuite.java:127)
	at org.apache.maven.surefire.Surefire.run(Surefire.java:177)
	at sun.reflect.NativeMethodAccessorImpl.invoke0(Native Method)
	at sun.reflect.NativeMethodAccessorImpl.invoke(NativeMethodAccessorImpl.java:39)
	at sun.reflect.DelegatingMethodAccessorImpl.invoke(DelegatingMethodAccessorImpl.java:25)
	at java.lang.reflect.Method.invoke(Method.java:585)
	at org.apache.maven.surefire.booter.SurefireBooter.runSuitesInProcess(SurefireBooter.java:338)
	at org.apache.maven.surefire.booter.SurefireBooter.main(SurefireBooter.java:997)
2010-05-21 18:56:59,307 - Could not load resource 'VM_global_library.vm' from ResourceLoader org.apache.velocity.runtime.resource.loader.ClasspathResourceLoader: 
org.apache.velocity.exception.ResourceNotFoundException: ClasspathResourceLoader Error: cannot find resource VM_global_library.vm
	at org.apache.velocity.runtime.resource.loader.ClasspathResourceLoader.getResourceStream(ClasspathResourceLoader.java:131)
	at org.apache.velocity.runtime.resource.loader.ResourceLoader.resourceExists(ResourceLoader.java:224)
	at org.apache.velocity.runtime.resource.ResourceManagerImpl.getLoaderForResource(ResourceManagerImpl.java:641)
	at org.apache.velocity.runtime.resource.ResourceManagerImpl.getLoaderNameForResource(ResourceManagerImpl.java:624)
	at org.apache.velocity.runtime.RuntimeInstance.getLoaderNameForResource(RuntimeInstance.java:1464)
	at org.apache.velocity.runtime.VelocimacroFactory.initVelocimacro(VelocimacroFactory.java:159)
	at org.apache.velocity.runtime.RuntimeInstance.init(RuntimeInstance.java:261)
	at org.apache.velocity.app.VelocityEngine.init(VelocityEngine.java:107)
	at com.atricore.idbus.console.lifecycle.main.transform.serializers.VelocitySerializer.<init>(VelocitySerializer.java:45)
	at sun.reflect.NativeConstructorAccessorImpl.newInstance0(Native Method)
	at sun.reflect.NativeConstructorAccessorImpl.newInstance(NativeConstructorAccessorImpl.java:39)
	at sun.reflect.DelegatingConstructorAccessorImpl.newInstance(DelegatingConstructorAccessorImpl.java:27)
	at java.lang.reflect.Constructor.newInstance(Constructor.java:494)
	at org.springframework.beans.BeanUtils.instantiateClass(BeanUtils.java:100)
	at org.springframework.beans.factory.support.SimpleInstantiationStrategy.instantiate(SimpleInstantiationStrategy.java:61)
	at org.springframework.beans.factory.support.AbstractAutowireCapableBeanFactory.instantiateBean(AbstractAutowireCapableBeanFactory.java:877)
	at org.springframework.beans.factory.support.AbstractAutowireCapableBeanFactory.createBeanInstance(AbstractAutowireCapableBeanFactory.java:839)
	at org.springframework.beans.factory.support.AbstractAutowireCapableBeanFactory.doCreateBean(AbstractAutowireCapableBeanFactory.java:440)
	at org.springframework.beans.factory.support.AbstractAutowireCapableBeanFactory$1.run(AbstractAutowireCapableBeanFactory.java:409)
	at java.security.AccessController.doPrivileged(Native Method)
	at org.springframework.beans.factory.support.AbstractAutowireCapableBeanFactory.createBean(AbstractAutowireCapableBeanFactory.java:380)
	at org.springframework.beans.factory.support.BeanDefinitionValueResolver.resolveInnerBean(BeanDefinitionValueResolver.java:219)
	at org.springframework.beans.factory.support.BeanDefinitionValueResolver.resolveValueIfNecessary(BeanDefinitionValueResolver.java:117)
	at org.springframework.beans.factory.support.BeanDefinitionValueResolver.resolveManagedList(BeanDefinitionValueResolver.java:287)
	at org.springframework.beans.factory.support.BeanDefinitionValueResolver.resolveValueIfNecessary(BeanDefinitionValueResolver.java:126)
	at org.springframework.beans.factory.support.AbstractAutowireCapableBeanFactory.applyPropertyValues(AbstractAutowireCapableBeanFactory.java:1245)
	at org.springframework.beans.factory.support.AbstractAutowireCapableBeanFactory.populateBean(AbstractAutowireCapableBeanFactory.java:1010)
	at org.springframework.beans.factory.support.AbstractAutowireCapableBeanFactory.doCreateBean(AbstractAutowireCapableBeanFactory.java:472)
	at org.springframework.beans.factory.support.AbstractAutowireCapableBeanFactory$1.run(AbstractAutowireCapableBeanFactory.java:409)
	at java.security.AccessController.doPrivileged(Native Method)
	at org.springframework.beans.factory.support.AbstractAutowireCapableBeanFactory.createBean(AbstractAutowireCapableBeanFactory.java:380)
	at org.springframework.beans.factory.support.AbstractBeanFactory$1.getObject(AbstractBeanFactory.java:264)
	at org.springframework.beans.factory.support.DefaultSingletonBeanRegistry.getSingleton(DefaultSingletonBeanRegistry.java:222)
	at org.springframework.beans.factory.support.AbstractBeanFactory.doGetBean(AbstractBeanFactory.java:261)
	at org.springframework.beans.factory.support.AbstractBeanFactory.getBean(AbstractBeanFactory.java:185)
	at org.springframework.beans.factory.support.AbstractBeanFactory.getBean(AbstractBeanFactory.java:164)
	at org.springframework.beans.factory.support.DefaultListableBeanFactory.preInstantiateSingletons(DefaultListableBeanFactory.java:429)
	at org.springframework.context.support.AbstractApplicationContext.finishBeanFactoryInitialization(AbstractApplicationContext.java:728)
	at org.springframework.context.support.AbstractApplicationContext.refresh(AbstractApplicationContext.java:380)
	at org.springframework.context.support.ClassPathXmlApplicationContext.<init>(ClassPathXmlApplicationContext.java:139)
	at org.springframework.context.support.ClassPathXmlApplicationContext.<init>(ClassPathXmlApplicationContext.java:83)
	at org.atricore.idbus.applications.server.management.test.IdApplianceDeploymentTest.setUp(IdApplianceDeploymentTest.java:45)
	at sun.reflect.NativeMethodAccessorImpl.invoke0(Native Method)
	at sun.reflect.NativeMethodAccessorImpl.invoke(NativeMethodAccessorImpl.java:39)
	at sun.reflect.DelegatingMethodAccessorImpl.invoke(DelegatingMethodAccessorImpl.java:25)
	at java.lang.reflect.Method.invoke(Method.java:585)
	at org.junit.internal.runners.MethodRoadie.runBefores(MethodRoadie.java:122)
	at org.junit.internal.runners.MethodRoadie.runBeforesThenTestThenAfters(MethodRoadie.java:86)
	at org.junit.internal.runners.MethodRoadie.runTest(MethodRoadie.java:77)
	at org.junit.internal.runners.MethodRoadie.run(MethodRoadie.java:42)
	at org.junit.internal.runners.JUnit4ClassRunner.invokeTestMethod(JUnit4ClassRunner.java:88)
	at org.junit.internal.runners.JUnit4ClassRunner.runMethods(JUnit4ClassRunner.java:51)
	at org.junit.internal.runners.JUnit4ClassRunner$1.run(JUnit4ClassRunner.java:44)
	at org.junit.internal.runners.ClassRoadie.runUnprotected(ClassRoadie.java:27)
	at org.junit.internal.runners.ClassRoadie.runProtected(ClassRoadie.java:37)
	at org.junit.internal.runners.JUnit4ClassRunner.run(JUnit4ClassRunner.java:42)
	at org.apache.maven.surefire.junit4.JUnit4TestSet.execute(JUnit4TestSet.java:62)
	at org.apache.maven.surefire.suite.AbstractDirectoryTestSuite.executeTestSet(AbstractDirectoryTestSuite.java:140)
	at org.apache.maven.surefire.suite.AbstractDirectoryTestSuite.execute(AbstractDirectoryTestSuite.java:127)
	at org.apache.maven.surefire.Surefire.run(Surefire.java:177)
	at sun.reflect.NativeMethodAccessorImpl.invoke0(Native Method)
	at sun.reflect.NativeMethodAccessorImpl.invoke(NativeMethodAccessorImpl.java:39)
	at sun.reflect.DelegatingMethodAccessorImpl.invoke(DelegatingMethodAccessorImpl.java:25)
	at java.lang.reflect.Method.invoke(Method.java:585)
	at org.apache.maven.surefire.booter.SurefireBooter.runSuitesInProcess(SurefireBooter.java:338)
	at org.apache.maven.surefire.booter.SurefireBooter.main(SurefireBooter.java:997)
2010-05-21 18:56:59,309 - Velocimacro : Default library not found.
2010-05-21 18:56:59,309 - Velocimacro : Default library not found.
2010-05-21 18:56:59,309 - Velocimacro : allowInline = true : VMs can be defined inline in templates
2010-05-21 18:56:59,309 - Velocimacro : allowInline = true : VMs can be defined inline in templates
2010-05-21 18:56:59,309 - Velocimacro : allowInlineToOverride = false : VMs defined inline may NOT replace previous VM definitions
2010-05-21 18:56:59,309 - Velocimacro : allowInlineToOverride = false : VMs defined inline may NOT replace previous VM definitions
2010-05-21 18:56:59,309 - Velocimacro : allowInlineLocal = false : VMs defined inline will be global in scope if allowed.
2010-05-21 18:56:59,309 - Velocimacro : allowInlineLocal = false : VMs defined inline will be global in scope if allowed.
2010-05-21 18:56:59,309 - Velocimacro : autoload off : VM system will not automatically reload global library macros
2010-05-21 18:56:59,309 - Velocimacro : autoload off : VM system will not automatically reload global library macros
2010-05-21 18:56:59,425 - Log4JLogChute initialized using file 'velocity.log'
2010-05-21 18:56:59,425 - Log4JLogChute initialized using file 'velocity.log'
2010-05-21 18:56:59,425 - Starting Apache Velocity v1.6.2 (compiled: 2009-02-19 16:29:46)
2010-05-21 18:56:59,425 - Starting Apache Velocity v1.6.2 (compiled: 2009-02-19 16:29:46)
2010-05-21 18:56:59,425 - Default Properties File: org/apache/velocity/runtime/defaults/velocity.properties
2010-05-21 18:56:59,425 - Default Properties File: org/apache/velocity/runtime/defaults/velocity.properties
2010-05-21 18:56:59,425 - Trying to use logger class org.apache.velocity.runtime.log.AvalonLogChute
2010-05-21 18:56:59,425 - Trying to use logger class org.apache.velocity.runtime.log.AvalonLogChute
2010-05-21 18:56:59,425 - Target log system for org.apache.velocity.runtime.log.AvalonLogChute is not available (java.lang.NoClassDefFoundError: org/apache/log/format/Formatter).  Falling back to next log system...
2010-05-21 18:56:59,425 - Target log system for org.apache.velocity.runtime.log.AvalonLogChute is not available (java.lang.NoClassDefFoundError: org/apache/log/format/Formatter).  Falling back to next log system...
2010-05-21 18:56:59,425 - Trying to use logger class org.apache.velocity.runtime.log.Log4JLogChute
2010-05-21 18:56:59,425 - Trying to use logger class org.apache.velocity.runtime.log.Log4JLogChute
2010-05-21 18:56:59,425 - Using logger class org.apache.velocity.runtime.log.Log4JLogChute
2010-05-21 18:56:59,425 - Using logger class org.apache.velocity.runtime.log.Log4JLogChute
2010-05-21 18:56:59,425 - ResourceLoader instantiated: org.apache.velocity.runtime.resource.loader.ClasspathResourceLoader
2010-05-21 18:56:59,425 - ResourceLoader instantiated: org.apache.velocity.runtime.resource.loader.ClasspathResourceLoader
2010-05-21 18:56:59,425 - ResourceCache: initialized (class org.apache.velocity.runtime.resource.ResourceCacheImpl) with class java.util.Collections$SynchronizedMap cache map.
2010-05-21 18:56:59,425 - ResourceCache: initialized (class org.apache.velocity.runtime.resource.ResourceCacheImpl) with class java.util.Collections$SynchronizedMap cache map.
2010-05-21 18:56:59,426 - Loaded System Directive: org.apache.velocity.runtime.directive.Define
2010-05-21 18:56:59,426 - Loaded System Directive: org.apache.velocity.runtime.directive.Define
2010-05-21 18:56:59,426 - Loaded System Directive: org.apache.velocity.runtime.directive.Break
2010-05-21 18:56:59,426 - Loaded System Directive: org.apache.velocity.runtime.directive.Break
2010-05-21 18:56:59,426 - Loaded System Directive: org.apache.velocity.runtime.directive.Evaluate
2010-05-21 18:56:59,426 - Loaded System Directive: org.apache.velocity.runtime.directive.Evaluate
2010-05-21 18:56:59,426 - Loaded System Directive: org.apache.velocity.runtime.directive.Literal
2010-05-21 18:56:59,426 - Loaded System Directive: org.apache.velocity.runtime.directive.Literal
2010-05-21 18:56:59,426 - Loaded System Directive: org.apache.velocity.runtime.directive.Macro
2010-05-21 18:56:59,426 - Loaded System Directive: org.apache.velocity.runtime.directive.Macro
2010-05-21 18:56:59,426 - Loaded System Directive: org.apache.velocity.runtime.directive.Parse
2010-05-21 18:56:59,426 - Loaded System Directive: org.apache.velocity.runtime.directive.Parse
2010-05-21 18:56:59,426 - Loaded System Directive: org.apache.velocity.runtime.directive.Include
2010-05-21 18:56:59,426 - Loaded System Directive: org.apache.velocity.runtime.directive.Include
2010-05-21 18:56:59,426 - Loaded System Directive: org.apache.velocity.runtime.directive.Foreach
2010-05-21 18:56:59,426 - Loaded System Directive: org.apache.velocity.runtime.directive.Foreach
2010-05-21 18:56:59,428 - Created '20' parsers.
2010-05-21 18:56:59,428 - Created '20' parsers.
2010-05-21 18:56:59,429 - Velocimacro : "velocimacro.library" is not set.  Trying default library: VM_global_library.vm
2010-05-21 18:56:59,429 - Velocimacro : "velocimacro.library" is not set.  Trying default library: VM_global_library.vm
2010-05-21 18:56:59,430 - Could not load resource 'VM_global_library.vm' from ResourceLoader org.apache.velocity.runtime.resource.loader.ClasspathResourceLoader: 
org.apache.velocity.exception.ResourceNotFoundException: ClasspathResourceLoader Error: cannot find resource VM_global_library.vm
	at org.apache.velocity.runtime.resource.loader.ClasspathResourceLoader.getResourceStream(ClasspathResourceLoader.java:131)
	at org.apache.velocity.runtime.resource.loader.ResourceLoader.resourceExists(ResourceLoader.java:224)
	at org.apache.velocity.runtime.resource.ResourceManagerImpl.getLoaderForResource(ResourceManagerImpl.java:641)
	at org.apache.velocity.runtime.resource.ResourceManagerImpl.getLoaderNameForResource(ResourceManagerImpl.java:624)
	at org.apache.velocity.runtime.RuntimeInstance.getLoaderNameForResource(RuntimeInstance.java:1464)
	at org.apache.velocity.runtime.VelocimacroFactory.initVelocimacro(VelocimacroFactory.java:159)
	at org.apache.velocity.runtime.RuntimeInstance.init(RuntimeInstance.java:261)
	at org.apache.velocity.app.VelocityEngine.init(VelocityEngine.java:107)
	at com.atricore.idbus.console.lifecycle.main.transform.serializers.VelocitySerializer.<init>(VelocitySerializer.java:45)
	at sun.reflect.NativeConstructorAccessorImpl.newInstance0(Native Method)
	at sun.reflect.NativeConstructorAccessorImpl.newInstance(NativeConstructorAccessorImpl.java:39)
	at sun.reflect.DelegatingConstructorAccessorImpl.newInstance(DelegatingConstructorAccessorImpl.java:27)
	at java.lang.reflect.Constructor.newInstance(Constructor.java:494)
	at org.springframework.beans.BeanUtils.instantiateClass(BeanUtils.java:100)
	at org.springframework.beans.factory.support.SimpleInstantiationStrategy.instantiate(SimpleInstantiationStrategy.java:61)
	at org.springframework.beans.factory.support.AbstractAutowireCapableBeanFactory.instantiateBean(AbstractAutowireCapableBeanFactory.java:877)
	at org.springframework.beans.factory.support.AbstractAutowireCapableBeanFactory.createBeanInstance(AbstractAutowireCapableBeanFactory.java:839)
	at org.springframework.beans.factory.support.AbstractAutowireCapableBeanFactory.doCreateBean(AbstractAutowireCapableBeanFactory.java:440)
	at org.springframework.beans.factory.support.AbstractAutowireCapableBeanFactory$1.run(AbstractAutowireCapableBeanFactory.java:409)
	at java.security.AccessController.doPrivileged(Native Method)
	at org.springframework.beans.factory.support.AbstractAutowireCapableBeanFactory.createBean(AbstractAutowireCapableBeanFactory.java:380)
	at org.springframework.beans.factory.support.BeanDefinitionValueResolver.resolveInnerBean(BeanDefinitionValueResolver.java:219)
	at org.springframework.beans.factory.support.BeanDefinitionValueResolver.resolveValueIfNecessary(BeanDefinitionValueResolver.java:117)
	at org.springframework.beans.factory.support.BeanDefinitionValueResolver.resolveManagedList(BeanDefinitionValueResolver.java:287)
	at org.springframework.beans.factory.support.BeanDefinitionValueResolver.resolveValueIfNecessary(BeanDefinitionValueResolver.java:126)
	at org.springframework.beans.factory.support.AbstractAutowireCapableBeanFactory.applyPropertyValues(AbstractAutowireCapableBeanFactory.java:1245)
	at org.springframework.beans.factory.support.AbstractAutowireCapableBeanFactory.populateBean(AbstractAutowireCapableBeanFactory.java:1010)
	at org.springframework.beans.factory.support.AbstractAutowireCapableBeanFactory.doCreateBean(AbstractAutowireCapableBeanFactory.java:472)
	at org.springframework.beans.factory.support.AbstractAutowireCapableBeanFactory$1.run(AbstractAutowireCapableBeanFactory.java:409)
	at java.security.AccessController.doPrivileged(Native Method)
	at org.springframework.beans.factory.support.AbstractAutowireCapableBeanFactory.createBean(AbstractAutowireCapableBeanFactory.java:380)
	at org.springframework.beans.factory.support.AbstractBeanFactory$1.getObject(AbstractBeanFactory.java:264)
	at org.springframework.beans.factory.support.DefaultSingletonBeanRegistry.getSingleton(DefaultSingletonBeanRegistry.java:222)
	at org.springframework.beans.factory.support.AbstractBeanFactory.doGetBean(AbstractBeanFactory.java:261)
	at org.springframework.beans.factory.support.AbstractBeanFactory.getBean(AbstractBeanFactory.java:185)
	at org.springframework.beans.factory.support.AbstractBeanFactory.getBean(AbstractBeanFactory.java:164)
	at org.springframework.beans.factory.support.DefaultListableBeanFactory.preInstantiateSingletons(DefaultListableBeanFactory.java:429)
	at org.springframework.context.support.AbstractApplicationContext.finishBeanFactoryInitialization(AbstractApplicationContext.java:728)
	at org.springframework.context.support.AbstractApplicationContext.refresh(AbstractApplicationContext.java:380)
	at org.springframework.context.support.ClassPathXmlApplicationContext.<init>(ClassPathXmlApplicationContext.java:139)
	at org.springframework.context.support.ClassPathXmlApplicationContext.<init>(ClassPathXmlApplicationContext.java:83)
	at org.atricore.idbus.applications.server.management.test.IdApplianceDeploymentTest.setUp(IdApplianceDeploymentTest.java:45)
	at sun.reflect.NativeMethodAccessorImpl.invoke0(Native Method)
	at sun.reflect.NativeMethodAccessorImpl.invoke(NativeMethodAccessorImpl.java:39)
	at sun.reflect.DelegatingMethodAccessorImpl.invoke(DelegatingMethodAccessorImpl.java:25)
	at java.lang.reflect.Method.invoke(Method.java:585)
	at org.junit.internal.runners.MethodRoadie.runBefores(MethodRoadie.java:122)
	at org.junit.internal.runners.MethodRoadie.runBeforesThenTestThenAfters(MethodRoadie.java:86)
	at org.junit.internal.runners.MethodRoadie.runTest(MethodRoadie.java:77)
	at org.junit.internal.runners.MethodRoadie.run(MethodRoadie.java:42)
	at org.junit.internal.runners.JUnit4ClassRunner.invokeTestMethod(JUnit4ClassRunner.java:88)
	at org.junit.internal.runners.JUnit4ClassRunner.runMethods(JUnit4ClassRunner.java:51)
	at org.junit.internal.runners.JUnit4ClassRunner$1.run(JUnit4ClassRunner.java:44)
	at org.junit.internal.runners.ClassRoadie.runUnprotected(ClassRoadie.java:27)
	at org.junit.internal.runners.ClassRoadie.runProtected(ClassRoadie.java:37)
	at org.junit.internal.runners.JUnit4ClassRunner.run(JUnit4ClassRunner.java:42)
	at org.apache.maven.surefire.junit4.JUnit4TestSet.execute(JUnit4TestSet.java:62)
	at org.apache.maven.surefire.suite.AbstractDirectoryTestSuite.executeTestSet(AbstractDirectoryTestSuite.java:140)
	at org.apache.maven.surefire.suite.AbstractDirectoryTestSuite.execute(AbstractDirectoryTestSuite.java:127)
	at org.apache.maven.surefire.Surefire.run(Surefire.java:177)
	at sun.reflect.NativeMethodAccessorImpl.invoke0(Native Method)
	at sun.reflect.NativeMethodAccessorImpl.invoke(NativeMethodAccessorImpl.java:39)
	at sun.reflect.DelegatingMethodAccessorImpl.invoke(DelegatingMethodAccessorImpl.java:25)
	at java.lang.reflect.Method.invoke(Method.java:585)
	at org.apache.maven.surefire.booter.SurefireBooter.runSuitesInProcess(SurefireBooter.java:338)
	at org.apache.maven.surefire.booter.SurefireBooter.main(SurefireBooter.java:997)
2010-05-21 18:56:59,430 - Could not load resource 'VM_global_library.vm' from ResourceLoader org.apache.velocity.runtime.resource.loader.ClasspathResourceLoader: 
org.apache.velocity.exception.ResourceNotFoundException: ClasspathResourceLoader Error: cannot find resource VM_global_library.vm
	at org.apache.velocity.runtime.resource.loader.ClasspathResourceLoader.getResourceStream(ClasspathResourceLoader.java:131)
	at org.apache.velocity.runtime.resource.loader.ResourceLoader.resourceExists(ResourceLoader.java:224)
	at org.apache.velocity.runtime.resource.ResourceManagerImpl.getLoaderForResource(ResourceManagerImpl.java:641)
	at org.apache.velocity.runtime.resource.ResourceManagerImpl.getLoaderNameForResource(ResourceManagerImpl.java:624)
	at org.apache.velocity.runtime.RuntimeInstance.getLoaderNameForResource(RuntimeInstance.java:1464)
	at org.apache.velocity.runtime.VelocimacroFactory.initVelocimacro(VelocimacroFactory.java:159)
	at org.apache.velocity.runtime.RuntimeInstance.init(RuntimeInstance.java:261)
	at org.apache.velocity.app.VelocityEngine.init(VelocityEngine.java:107)
	at com.atricore.idbus.console.lifecycle.main.transform.serializers.VelocitySerializer.<init>(VelocitySerializer.java:45)
	at sun.reflect.NativeConstructorAccessorImpl.newInstance0(Native Method)
	at sun.reflect.NativeConstructorAccessorImpl.newInstance(NativeConstructorAccessorImpl.java:39)
	at sun.reflect.DelegatingConstructorAccessorImpl.newInstance(DelegatingConstructorAccessorImpl.java:27)
	at java.lang.reflect.Constructor.newInstance(Constructor.java:494)
	at org.springframework.beans.BeanUtils.instantiateClass(BeanUtils.java:100)
	at org.springframework.beans.factory.support.SimpleInstantiationStrategy.instantiate(SimpleInstantiationStrategy.java:61)
	at org.springframework.beans.factory.support.AbstractAutowireCapableBeanFactory.instantiateBean(AbstractAutowireCapableBeanFactory.java:877)
	at org.springframework.beans.factory.support.AbstractAutowireCapableBeanFactory.createBeanInstance(AbstractAutowireCapableBeanFactory.java:839)
	at org.springframework.beans.factory.support.AbstractAutowireCapableBeanFactory.doCreateBean(AbstractAutowireCapableBeanFactory.java:440)
	at org.springframework.beans.factory.support.AbstractAutowireCapableBeanFactory$1.run(AbstractAutowireCapableBeanFactory.java:409)
	at java.security.AccessController.doPrivileged(Native Method)
	at org.springframework.beans.factory.support.AbstractAutowireCapableBeanFactory.createBean(AbstractAutowireCapableBeanFactory.java:380)
	at org.springframework.beans.factory.support.BeanDefinitionValueResolver.resolveInnerBean(BeanDefinitionValueResolver.java:219)
	at org.springframework.beans.factory.support.BeanDefinitionValueResolver.resolveValueIfNecessary(BeanDefinitionValueResolver.java:117)
	at org.springframework.beans.factory.support.BeanDefinitionValueResolver.resolveManagedList(BeanDefinitionValueResolver.java:287)
	at org.springframework.beans.factory.support.BeanDefinitionValueResolver.resolveValueIfNecessary(BeanDefinitionValueResolver.java:126)
	at org.springframework.beans.factory.support.AbstractAutowireCapableBeanFactory.applyPropertyValues(AbstractAutowireCapableBeanFactory.java:1245)
	at org.springframework.beans.factory.support.AbstractAutowireCapableBeanFactory.populateBean(AbstractAutowireCapableBeanFactory.java:1010)
	at org.springframework.beans.factory.support.AbstractAutowireCapableBeanFactory.doCreateBean(AbstractAutowireCapableBeanFactory.java:472)
	at org.springframework.beans.factory.support.AbstractAutowireCapableBeanFactory$1.run(AbstractAutowireCapableBeanFactory.java:409)
	at java.security.AccessController.doPrivileged(Native Method)
	at org.springframework.beans.factory.support.AbstractAutowireCapableBeanFactory.createBean(AbstractAutowireCapableBeanFactory.java:380)
	at org.springframework.beans.factory.support.AbstractBeanFactory$1.getObject(AbstractBeanFactory.java:264)
	at org.springframework.beans.factory.support.DefaultSingletonBeanRegistry.getSingleton(DefaultSingletonBeanRegistry.java:222)
	at org.springframework.beans.factory.support.AbstractBeanFactory.doGetBean(AbstractBeanFactory.java:261)
	at org.springframework.beans.factory.support.AbstractBeanFactory.getBean(AbstractBeanFactory.java:185)
	at org.springframework.beans.factory.support.AbstractBeanFactory.getBean(AbstractBeanFactory.java:164)
	at org.springframework.beans.factory.support.DefaultListableBeanFactory.preInstantiateSingletons(DefaultListableBeanFactory.java:429)
	at org.springframework.context.support.AbstractApplicationContext.finishBeanFactoryInitialization(AbstractApplicationContext.java:728)
	at org.springframework.context.support.AbstractApplicationContext.refresh(AbstractApplicationContext.java:380)
	at org.springframework.context.support.ClassPathXmlApplicationContext.<init>(ClassPathXmlApplicationContext.java:139)
	at org.springframework.context.support.ClassPathXmlApplicationContext.<init>(ClassPathXmlApplicationContext.java:83)
	at org.atricore.idbus.applications.server.management.test.IdApplianceDeploymentTest.setUp(IdApplianceDeploymentTest.java:45)
	at sun.reflect.NativeMethodAccessorImpl.invoke0(Native Method)
	at sun.reflect.NativeMethodAccessorImpl.invoke(NativeMethodAccessorImpl.java:39)
	at sun.reflect.DelegatingMethodAccessorImpl.invoke(DelegatingMethodAccessorImpl.java:25)
	at java.lang.reflect.Method.invoke(Method.java:585)
	at org.junit.internal.runners.MethodRoadie.runBefores(MethodRoadie.java:122)
	at org.junit.internal.runners.MethodRoadie.runBeforesThenTestThenAfters(MethodRoadie.java:86)
	at org.junit.internal.runners.MethodRoadie.runTest(MethodRoadie.java:77)
	at org.junit.internal.runners.MethodRoadie.run(MethodRoadie.java:42)
	at org.junit.internal.runners.JUnit4ClassRunner.invokeTestMethod(JUnit4ClassRunner.java:88)
	at org.junit.internal.runners.JUnit4ClassRunner.runMethods(JUnit4ClassRunner.java:51)
	at org.junit.internal.runners.JUnit4ClassRunner$1.run(JUnit4ClassRunner.java:44)
	at org.junit.internal.runners.ClassRoadie.runUnprotected(ClassRoadie.java:27)
	at org.junit.internal.runners.ClassRoadie.runProtected(ClassRoadie.java:37)
	at org.junit.internal.runners.JUnit4ClassRunner.run(JUnit4ClassRunner.java:42)
	at org.apache.maven.surefire.junit4.JUnit4TestSet.execute(JUnit4TestSet.java:62)
	at org.apache.maven.surefire.suite.AbstractDirectoryTestSuite.executeTestSet(AbstractDirectoryTestSuite.java:140)
	at org.apache.maven.surefire.suite.AbstractDirectoryTestSuite.execute(AbstractDirectoryTestSuite.java:127)
	at org.apache.maven.surefire.Surefire.run(Surefire.java:177)
	at sun.reflect.NativeMethodAccessorImpl.invoke0(Native Method)
	at sun.reflect.NativeMethodAccessorImpl.invoke(NativeMethodAccessorImpl.java:39)
	at sun.reflect.DelegatingMethodAccessorImpl.invoke(DelegatingMethodAccessorImpl.java:25)
	at java.lang.reflect.Method.invoke(Method.java:585)
	at org.apache.maven.surefire.booter.SurefireBooter.runSuitesInProcess(SurefireBooter.java:338)
	at org.apache.maven.surefire.booter.SurefireBooter.main(SurefireBooter.java:997)
2010-05-21 18:56:59,431 - Velocimacro : Default library not found.
2010-05-21 18:56:59,431 - Velocimacro : Default library not found.
2010-05-21 18:56:59,431 - Velocimacro : allowInline = true : VMs can be defined inline in templates
2010-05-21 18:56:59,431 - Velocimacro : allowInline = true : VMs can be defined inline in templates
2010-05-21 18:56:59,432 - Velocimacro : allowInlineToOverride = false : VMs defined inline may NOT replace previous VM definitions
2010-05-21 18:56:59,432 - Velocimacro : allowInlineToOverride = false : VMs defined inline may NOT replace previous VM definitions
2010-05-21 18:56:59,432 - Velocimacro : allowInlineLocal = false : VMs defined inline will be global in scope if allowed.
2010-05-21 18:56:59,432 - Velocimacro : allowInlineLocal = false : VMs defined inline will be global in scope if allowed.
2010-05-21 18:56:59,432 - Velocimacro : autoload off : VM system will not automatically reload global library macros
2010-05-21 18:56:59,432 - Velocimacro : autoload off : VM system will not automatically reload global library macros
